<?xml version="1.0" encoding="UTF-8"?>
<testng-results skipped="0" failed="0" ignored="0" total="5" passed="5">
  <reporter-output>
  </reporter-output>
  <suite name="Suite" duration-ms="1524" started-at="2020-02-28T10:52:26 COT" finished-at="2020-02-28T10:52:27 COT">
    <groups>
      <group name="grupo1">
        <method signature="TestDummy.dummy1()[pri:0, instance:com.testNg.spring.TestDummy@77eca502]" name="dummy1" class="com.testNg.spring.TestDummy"/>
        <method signature="TestDummy.dummy2()[pri:0, instance:com.testNg.spring.TestDummy@77eca502]" name="dummy2" class="com.testNg.spring.TestDummy"/>
        <method signature="TestDummy.dummy5()[pri:0, instance:com.testNg.spring.TestDummy@77eca502]" name="dummy5" class="com.testNg.spring.TestDummy"/>
      </group> <!-- grupo1 -->
      <group name="grupo2">
        <method signature="TestDummy.dummy3()[pri:0, instance:com.testNg.spring.TestDummy@77eca502]" name="dummy3" class="com.testNg.spring.TestDummy"/>
        <method signature="TestDummy.dummy4()[pri:0, instance:com.testNg.spring.TestDummy@77eca502]" name="dummy4" class="com.testNg.spring.TestDummy"/>
        <method signature="TestDummy.dummy5()[pri:0, instance:com.testNg.spring.TestDummy@77eca502]" name="dummy5" class="com.testNg.spring.TestDummy"/>
      </group> <!-- grupo2 -->
    </groups>
    <test name="Test" duration-ms="1524" started-at="2020-02-28T10:52:26 COT" finished-at="2020-02-28T10:52:27 COT">
      <class name="com.testNg.spring.TestDummy">
        <test-method status="PASS" signature="springTestContextBeforeTestClass()[pri:0, instance:com.testNg.spring.TestDummy@77eca502]" name="springTestContextBeforeTestClass" is-config="true" duration-ms="17" started-at="2020-02-28T10:52:26 COT" finished-at="2020-02-28T10:52:26 COT">
          <reporter-output>
          </reporter-output>
        </test-method> <!-- springTestContextBeforeTestClass -->
        <test-method status="PASS" signature="springTestContextPrepareTestInstance()[pri:0, instance:com.testNg.spring.TestDummy@77eca502]" name="springTestContextPrepareTestInstance" is-config="true" duration-ms="1468" started-at="2020-02-28T10:52:26 COT" depends-on-methods="org.springframework.test.context.testng.AbstractTestNGSpringContextTests.springTestContextBeforeTestClass" finished-at="2020-02-28T10:52:27 COT">
          <reporter-output>
          </reporter-output>
        </test-method> <!-- springTestContextPrepareTestInstance -->
        <test-method status="PASS" signature="springTestContextBeforeTestMethod(java.lang.reflect.Method)[pri:0, instance:com.testNg.spring.TestDummy@77eca502]" name="springTestContextBeforeTestMethod" is-config="true" duration-ms="1" started-at="2020-02-28T10:52:27 COT" finished-at="2020-02-28T10:52:27 COT">
          <params>
            <param index="0">
              <value>
                <![CDATA[void com.testNg.spring.TestDummy.dummy1()]]>
              </value>
            </param>
          </params>
          <reporter-output>
          </reporter-output>
        </test-method> <!-- springTestContextBeforeTestMethod -->
        <test-method status="PASS" signature="dummy1()[pri:0, instance:com.testNg.spring.TestDummy@77eca502]" name="dummy1" duration-ms="5" started-at="2020-02-28T10:52:27 COT" finished-at="2020-02-28T10:52:27 COT">
          <reporter-output>
          </reporter-output>
        </test-method> <!-- dummy1 -->
        <test-method status="PASS" signature="springTestContextAfterTestMethod(java.lang.reflect.Method)[pri:0, instance:com.testNg.spring.TestDummy@77eca502]" name="springTestContextAfterTestMethod" is-config="true" duration-ms="1" started-at="2020-02-28T10:52:27 COT" finished-at="2020-02-28T10:52:27 COT">
          <params>
            <param index="0">
              <value>
                <![CDATA[void com.testNg.spring.TestDummy.dummy1()]]>
              </value>
            </param>
          </params>
          <reporter-output>
          </reporter-output>
        </test-method> <!-- springTestContextAfterTestMethod -->
        <test-method status="PASS" signature="springTestContextBeforeTestMethod(java.lang.reflect.Method)[pri:0, instance:com.testNg.spring.TestDummy@77eca502]" name="springTestContextBeforeTestMethod" is-config="true" duration-ms="0" started-at="2020-02-28T10:52:27 COT" finished-at="2020-02-28T10:52:27 COT">
          <params>
            <param index="0">
              <value>
                <![CDATA[void com.testNg.spring.TestDummy.dummy2()]]>
              </value>
            </param>
          </params>
          <reporter-output>
          </reporter-output>
        </test-method> <!-- springTestContextBeforeTestMethod -->
        <test-method status="PASS" signature="dummy2()[pri:0, instance:com.testNg.spring.TestDummy@77eca502]" name="dummy2" duration-ms="1" started-at="2020-02-28T10:52:27 COT" finished-at="2020-02-28T10:52:27 COT">
          <reporter-output>
          </reporter-output>
        </test-method> <!-- dummy2 -->
        <test-method status="PASS" signature="springTestContextAfterTestMethod(java.lang.reflect.Method)[pri:0, instance:com.testNg.spring.TestDummy@77eca502]" name="springTestContextAfterTestMethod" is-config="true" duration-ms="1" started-at="2020-02-28T10:52:27 COT" finished-at="2020-02-28T10:52:27 COT">
          <params>
            <param index="0">
              <value>
                <![CDATA[void com.testNg.spring.TestDummy.dummy2()]]>
              </value>
            </param>
          </params>
          <reporter-output>
          </reporter-output>
        </test-method> <!-- springTestContextAfterTestMethod -->
        <test-method status="PASS" signature="dummy3()[pri:0, instance:com.testNg.spring.TestDummy@77eca502]" name="dummy3" duration-ms="1" started-at="2020-02-28T10:52:27 COT" finished-at="2020-02-28T10:52:27 COT">
          <reporter-output>
          </reporter-output>
        </test-method> <!-- dummy3 -->
        <test-method status="PASS" signature="springTestContextBeforeTestMethod(java.lang.reflect.Method)[pri:0, instance:com.testNg.spring.TestDummy@77eca502]" name="springTestContextBeforeTestMethod" is-config="true" duration-ms="0" started-at="2020-02-28T10:52:27 COT" finished-at="2020-02-28T10:52:27 COT">
          <params>
            <param index="0">
              <value>
                <![CDATA[void com.testNg.spring.TestDummy.dummy3()]]>
              </value>
            </param>
          </params>
          <reporter-output>
          </reporter-output>
        </test-method> <!-- springTestContextBeforeTestMethod -->
        <test-method status="PASS" signature="springTestContextAfterTestMethod(java.lang.reflect.Method)[pri:0, instance:com.testNg.spring.TestDummy@77eca502]" name="springTestContextAfterTestMethod" is-config="true" duration-ms="0" started-at="2020-02-28T10:52:27 COT" finished-at="2020-02-28T10:52:27 COT">
          <params>
            <param index="0">
              <value>
                <![CDATA[void com.testNg.spring.TestDummy.dummy3()]]>
              </value>
            </param>
          </params>
          <reporter-output>
          </reporter-output>
        </test-method> <!-- springTestContextAfterTestMethod -->
        <test-method status="PASS" signature="springTestContextBeforeTestMethod(java.lang.reflect.Method)[pri:0, instance:com.testNg.spring.TestDummy@77eca502]" name="springTestContextBeforeTestMethod" is-config="true" duration-ms="1" started-at="2020-02-28T10:52:27 COT" finished-at="2020-02-28T10:52:27 COT">
          <params>
            <param index="0">
              <value>
                <![CDATA[void com.testNg.spring.TestDummy.dummy4()]]>
              </value>
            </param>
          </params>
          <reporter-output>
          </reporter-output>
        </test-method> <!-- springTestContextBeforeTestMethod -->
        <test-method status="PASS" signature="dummy4()[pri:0, instance:com.testNg.spring.TestDummy@77eca502]" name="dummy4" duration-ms="0" started-at="2020-02-28T10:52:27 COT" finished-at="2020-02-28T10:52:27 COT">
          <reporter-output>
          </reporter-output>
        </test-method> <!-- dummy4 -->
        <test-method status="PASS" signature="springTestContextBeforeTestMethod(java.lang.reflect.Method)[pri:0, instance:com.testNg.spring.TestDummy@77eca502]" name="springTestContextBeforeTestMethod" is-config="true" duration-ms="1" started-at="2020-02-28T10:52:27 COT" finished-at="2020-02-28T10:52:27 COT">
          <params>
            <param index="0">
              <value>
                <![CDATA[void com.testNg.spring.TestDummy.dummy5()]]>
              </value>
            </param>
          </params>
          <reporter-output>
          </reporter-output>
        </test-method> <!-- springTestContextBeforeTestMethod -->
        <test-method status="PASS" signature="springTestContextAfterTestMethod(java.lang.reflect.Method)[pri:0, instance:com.testNg.spring.TestDummy@77eca502]" name="springTestContextAfterTestMethod" is-config="true" duration-ms="0" started-at="2020-02-28T10:52:27 COT" finished-at="2020-02-28T10:52:27 COT">
          <params>
            <param index="0">
              <value>
                <![CDATA[void com.testNg.spring.TestDummy.dummy4()]]>
              </value>
            </param>
          </params>
          <reporter-output>
          </reporter-output>
        </test-method> <!-- springTestContextAfterTestMethod -->
        <test-method status="PASS" signature="dummy5()[pri:0, instance:com.testNg.spring.TestDummy@77eca502]" name="dummy5" duration-ms="0" started-at="2020-02-28T10:52:27 COT" finished-at="2020-02-28T10:52:27 COT">
          <reporter-output>
          </reporter-output>
        </test-method> <!-- dummy5 -->
        <test-method status="PASS" signature="springTestContextAfterTestMethod(java.lang.reflect.Method)[pri:0, instance:com.testNg.spring.TestDummy@77eca502]" name="springTestContextAfterTestMethod" is-config="true" duration-ms="0" started-at="2020-02-28T10:52:27 COT" finished-at="2020-02-28T10:52:27 COT">
          <params>
            <param index="0">
              <value>
                <![CDATA[void com.testNg.spring.TestDummy.dummy5()]]>
              </value>
            </param>
          </params>
          <reporter-output>
          </reporter-output>
        </test-method> <!-- springTestContextAfterTestMethod -->
        <test-method status="PASS" signature="springTestContextAfterTestClass()[pri:0, instance:com.testNg.spring.TestDummy@77eca502]" name="springTestContextAfterTestClass" is-config="true" duration-ms="1" started-at="2020-02-28T10:52:27 COT" finished-at="2020-02-28T10:52:27 COT">
          <reporter-output>
          </reporter-output>
        </test-method> <!-- springTestContextAfterTestClass -->
      </class> <!-- com.testNg.spring.TestDummy -->
    </test> <!-- Test -->
  </suite> <!-- Suite -->
</testng-results>
