<?xml version="1.0" encoding="UTF-8"?>
<!-- Generated by org.testng.reporters.JUnitXMLReporter -->
<testsuite hostname="hgrid20.icesi.edu.co" ignored="0" name="Default test" tests="14" failures="0" timestamp="2020-02-28T10:40:33 COT" time="1.431" errors="0">
  <testcase name="testMethod1" time="0.005" classname="com.testNg.spring.GroupTest"/>
  <testcase name="testMethod2" time="0.0" classname="com.testNg.spring.GroupTest"/>
  <testcase name="testMethod3" time="0.0" classname="com.testNg.spring.GroupTest"/>
  <testcase name="testCreateOrderExceptionOrderNull" time="0.003" classname="com.testNg.spring.TestNgApplicationTests"/>
  <testcase name="testCreateOrderExceptionOrderSave" time="0.002" classname="com.testNg.spring.TestNgApplicationTests"/>
  <testcase name="testSaveOrder" time="0.002" classname="com.testNg.spring.TestNgApplicationTests"/>
  <testcase name="testUpdateOrder" time="0.004" classname="com.testNg.spring.TestNgApplicationTests"/>
  <testcase name="testUpdateOrderExceptionOrderNotExists" time="0.001" classname="com.testNg.spring.TestNgApplicationTests"/>
  <testcase name="testUpdateOrderExceptionOrderNull" time="0.001" classname="com.testNg.spring.TestNgApplicationTests"/>
  <testcase name="dummy1" time="0.001" classname="com.testNg.spring.TestDummy"/>
  <testcase name="dummy2" time="0.001" classname="com.testNg.spring.TestDummy"/>
  <testcase name="dummy3" time="0.001" classname="com.testNg.spring.TestDummy"/>
  <testcase name="dummy4" time="0.001" classname="com.testNg.spring.TestDummy"/>
  <testcase name="dummy5" time="0.001" classname="com.testNg.spring.TestDummy"/>
</testsuite> <!-- Default test -->
