<?xml version="1.0" encoding="UTF-8"?>
<!-- Generated by org.testng.reporters.JUnitXMLReporter -->
<testsuite hostname="hgrid20.icesi.edu.co" ignored="0" name="Test" tests="5" failures="0" timestamp="2020-02-28T10:52:27 COT" time="1.524" errors="0">
  <testcase name="dummy1" time="0.005" classname="com.testNg.spring.TestDummy"/>
  <testcase name="dummy2" time="0.001" classname="com.testNg.spring.TestDummy"/>
  <testcase name="dummy3" time="0.001" classname="com.testNg.spring.TestDummy"/>
  <testcase name="dummy4" time="0.0" classname="com.testNg.spring.TestDummy"/>
  <testcase name="dummy5" time="0.0" classname="com.testNg.spring.TestDummy"/>
</testsuite> <!-- Test -->
